<?xml version="1.0" encoding="UTF-8"?>
<!-- Generated by org.testng.reporters.JUnitReportReporter -->
<testsuite hostname="Muthulakshmi" failures="0" tests="1" name="com.testng.annotations.Annotations" time="0.010" errors="0" timestamp="10 Dec 2021 18:46:20 GMT" skipped="0">
  <testcase classname="com.testng.annotations.Annotations" name="test" time="0.010"/>
</testsuite> <!-- com.testng.annotations.Annotations -->
