<?xml version="1.0" encoding="UTF-8"?>
<!-- Generated by org.testng.reporters.JUnitReportReporter -->
<testsuite hostname="Muthulakshmi" failures="0" tests="3" name="com.testng.samsung.SamsungTestCases" time="84.815" errors="0" timestamp="11 Dec 2021 10:17:36 GMT" skipped="0">
  <testcase classname="com.testng.samsung.SamsungTestCases" name="search" time="25.158"/>
  <testcase classname="com.testng.samsung.SamsungTestCases" name="selectProduct" time="20.658"/>
  <testcase classname="com.testng.samsung.SamsungTestCases" name="addToCart" time="38.999"/>
</testsuite> <!-- com.testng.samsung.SamsungTestCases -->
